<?xml version="1.0" encoding="utf-8"?><testsuites name="pytest tests"><testsuite name="pytest" errors="0" failures="0" skipped="0" tests="12" time="5.692" timestamp="2026-05-30T03:25:56.605922+00:00" hostname="agent-env-6a857457-ae3a-4c90-aeb7-f0b95ca0dda6"><testcase classname="backend.tests.test_restaurant_api" name="test_login_invalid" time="0.588" /><testcase classname="backend.tests.test_restaurant_api" name="test_me_without_token" time="0.182" /><testcase classname="backend.tests.test_restaurant_api" name="test_me_with_token" time="0.589" /><testcase classname="backend.tests.test_restaurant_api" name="test_menu_public_list" time="0.179" /><testcase classname="backend.tests.test_restaurant_api" name="test_menu_crud_requires_auth" time="0.183" /><testcase classname="backend.tests.test_restaurant_api" name="test_menu_crud_flow" time="0.858" /><testcase classname="backend.tests.test_restaurant_api" name="test_tables_require_auth" time="0.180" /><testcase classname="backend.tests.test_restaurant_api" name="test_tables_list_and_crud" time="0.620" /><testcase classname="backend.tests.test_restaurant_api" name="test_order_flow_cashier" time="1.100" /><testcase classname="backend.tests.test_restaurant_api" name="test_order_pay_qris" time="0.467" /><testcase classname="backend.tests.test_restaurant_api" name="test_order_invalid_item" time="0.135" /><testcase classname="backend.tests.test_restaurant_api" name="test_orders_list_requires_auth" time="0.169" /></testsuite></testsuites>